<?xml version="1.0" encoding="UTF-8"?>
<!-- Generated by org.testng.reporters.JUnitReportReporter -->
<testsuite skipped="0" hostname="EUROW42SLPC5721" name="com.zensar.runner.ProjectContact" tests="12" failures="0" timestamp="18 Mar 2024 10:51:29 GMT" time="1036.475" errors="0">
  <testcase name="feature" time="82.180" classname="com.zensar.runner.ProjectContact"/>
  <testcase name="feature" time="77.484" classname="com.zensar.runner.ProjectContact"/>
  <testcase name="feature" time="76.266" classname="com.zensar.runner.ProjectContact"/>
  <testcase name="feature" time="95.848" classname="com.zensar.runner.ProjectContact"/>
  <testcase name="feature" time="61.503" classname="com.zensar.runner.ProjectContact"/>
  <testcase name="feature" time="78.545" classname="com.zensar.runner.ProjectContact"/>
  <testcase name="feature" time="59.074" classname="com.zensar.runner.ProjectContact"/>
  <testcase name="feature" time="95.002" classname="com.zensar.runner.ProjectContact"/>
  <testcase name="feature" time="126.855" classname="com.zensar.runner.ProjectContact"/>
  <testcase name="feature" time="127.621" classname="com.zensar.runner.ProjectContact"/>
  <testcase name="feature" time="79.729" classname="com.zensar.runner.ProjectContact"/>
  <testcase name="feature" time="76.368" classname="com.zensar.runner.ProjectContact"/>
</testsuite> <!-- com.zensar.runner.ProjectContact -->
