<?xml version="1.0" encoding="UTF-8"?>
<!-- Generated by org.testng.reporters.JUnitReportReporter -->
<testsuite skipped="0" hostname="EUROW42SLPC5721" name="com.zensar.runner.ActiveTransaction" tests="5" failures="0" timestamp="18 Mar 2024 10:24:28 GMT" time="541.381" errors="0">
  <testcase name="feature" time="96.468" classname="com.zensar.runner.ActiveTransaction"/>
  <testcase name="feature" time="169.324" classname="com.zensar.runner.ActiveTransaction"/>
  <testcase name="feature" time="72.829" classname="com.zensar.runner.ActiveTransaction"/>
  <testcase name="feature" time="112.078" classname="com.zensar.runner.ActiveTransaction"/>
  <testcase name="feature" time="90.682" classname="com.zensar.runner.ActiveTransaction"/>
</testsuite> <!-- com.zensar.runner.ActiveTransaction -->
