<?xml version="1.0" encoding="UTF-8"?>
<!-- Generated by org.testng.reporters.JUnitReportReporter -->
<testsuite skipped="0" hostname="EUROW42SLPC5721" name="com.zensar.runner.ActiveTransactionScopeBuilder" tests="4" failures="0" timestamp="18 Mar 2024 11:44:18 GMT" time="246.459" errors="0">
  <testcase name="feature" time="63.790" classname="com.zensar.runner.ActiveTransactionScopeBuilder"/>
  <testcase name="feature" time="58.059" classname="com.zensar.runner.ActiveTransactionScopeBuilder"/>
  <testcase name="feature" time="59.431" classname="com.zensar.runner.ActiveTransactionScopeBuilder"/>
  <testcase name="feature" time="65.179" classname="com.zensar.runner.ActiveTransactionScopeBuilder"/>
</testsuite> <!-- com.zensar.runner.ActiveTransactionScopeBuilder -->
