<?xml version="1.0" encoding="UTF-8"?>
<!-- Generated by org.testng.reporters.JUnitReportReporter -->
<testsuite skipped="0" hostname="EUROW42SLPC5721" name="com.zensar.runner.ActiveTransactionProviderList" tests="12" failures="0" timestamp="18 Mar 2024 10:24:28 GMT" time="1047.190" errors="0">
  <testcase name="feature" time="54.871" classname="com.zensar.runner.ActiveTransactionProviderList"/>
  <testcase name="feature" time="69.200" classname="com.zensar.runner.ActiveTransactionProviderList"/>
  <testcase name="feature" time="59.539" classname="com.zensar.runner.ActiveTransactionProviderList"/>
  <testcase name="feature" time="52.035" classname="com.zensar.runner.ActiveTransactionProviderList"/>
  <testcase name="feature" time="103.792" classname="com.zensar.runner.ActiveTransactionProviderList"/>
  <testcase name="feature" time="116.941" classname="com.zensar.runner.ActiveTransactionProviderList"/>
  <testcase name="feature" time="99.469" classname="com.zensar.runner.ActiveTransactionProviderList"/>
  <testcase name="feature" time="103.010" classname="com.zensar.runner.ActiveTransactionProviderList"/>
  <testcase name="feature" time="100.549" classname="com.zensar.runner.ActiveTransactionProviderList"/>
  <testcase name="feature" time="116.699" classname="com.zensar.runner.ActiveTransactionProviderList"/>
  <testcase name="feature" time="58.392" classname="com.zensar.runner.ActiveTransactionProviderList"/>
  <testcase name="feature" time="112.693" classname="com.zensar.runner.ActiveTransactionProviderList"/>
</testsuite> <!-- com.zensar.runner.ActiveTransactionProviderList -->
