<?xml version="1.0" encoding="UTF-8"?>
<!-- Generated by org.testng.reporters.JUnitReportReporter -->
<testsuite skipped="1" hostname="EUROW42SLPC5721" name="com.zensar.runner.Debugger" tests="1" failures="0" timestamp="08 Mar 2024 14:05:29 GMT" time="0.000" errors="0">
  <testcase name="feature" time="0.000" classname="com.zensar.runner.Debugger">
    <skipped/>
  </testcase> <!-- feature -->
</testsuite> <!-- com.zensar.runner.Debugger -->
