<?xml version="1.0" encoding="UTF-8"?>
<!-- Generated by org.testng.reporters.JUnitReportReporter -->
<testsuite skipped="0" hostname="EUROW42SLPC5721" name="com.zensar.runner.InitializeExecution" tests="2" failures="0" timestamp="18 Mar 2024 11:44:18 GMT" time="0.002" errors="0">
  <testcase name="stub" time="0.002" classname="com.zensar.runner.InitializeExecution"/>
  <testcase name="stub" time="0.000" classname="com.zensar.runner.InitializeExecution"/>
</testsuite> <!-- com.zensar.runner.InitializeExecution -->
