<?xml version="1.0" encoding="UTF-8"?>
<!-- Generated by org.testng.reporters.JUnitReportReporter -->
<testsuite skipped="0" hostname="EUROW42SLPC5721" name="com.zensar.runner.ActiveTransactionProjectContact" tests="4" failures="0" timestamp="18 Mar 2024 10:51:29 GMT" time="357.141" errors="0">
  <testcase name="feature" time="96.796" classname="com.zensar.runner.ActiveTransactionProjectContact"/>
  <testcase name="feature" time="96.455" classname="com.zensar.runner.ActiveTransactionProjectContact"/>
  <testcase name="feature" time="85.443" classname="com.zensar.runner.ActiveTransactionProjectContact"/>
  <testcase name="feature" time="78.447" classname="com.zensar.runner.ActiveTransactionProjectContact"/>
</testsuite> <!-- com.zensar.runner.ActiveTransactionProjectContact -->
