<?xml version="1.0" encoding="UTF-8"?>
<!-- Generated by org.testng.reporters.JUnitReportReporter -->
<testsuite skipped="0" hostname="EUROW42SLPC5721" name="com.zensar.runner.CloseTransaction" tests="1" failures="0" timestamp="18 Mar 2024 10:24:28 GMT" time="98.905" errors="0">
  <testcase name="feature" time="98.905" classname="com.zensar.runner.CloseTransaction"/>
</testsuite> <!-- com.zensar.runner.CloseTransaction -->
